<?xml version="1.0" encoding="UTF-8"?>
<testng-results ignored="0" total="1" passed="1" failed="0" skipped="0">
  <reporter-output>
  </reporter-output>
  <suite started-at="2023-11-22T22:01:45 IST" name="Default suite" finished-at="2023-11-22T22:02:07 IST" duration-ms="21732">
    <groups>
      <group name="cucumber">
        <method signature="AbstractTestNGCucumberTests.runScenario(io.cucumber.testng.PickleWrapper,io.cucumber.testng.FeatureWrapper)[pri:0, instance:testRunners.TestNGTestRunner@33065d67]" name="runScenario" class="io.cucumber.testng.AbstractTestNGCucumberTests"/>
      </group> <!-- cucumber -->
    </groups>
    <test started-at="2023-11-22T22:01:45 IST" name="Default test" finished-at="2023-11-22T22:02:07 IST" duration-ms="21732">
      <class name="testRunners.TestNGTestRunner">
        <test-method is-config="true" signature="setUpClass(org.testng.ITestContext)[pri:0, instance:testRunners.TestNGTestRunner@33065d67]" started-at="2023-11-22T22:01:45 IST" name="setUpClass" finished-at="2023-11-22T22:01:46 IST" duration-ms="250" status="PASS">
          <params>
            <param index="0">
              <value>
                <![CDATA[org.testng.TestRunner@745c2004]]>
              </value>
            </param>
          </params>
          <reporter-output>
          </reporter-output>
        </test-method> <!-- setUpClass -->
        <test-method signature="runScenario(io.cucumber.testng.PickleWrapper,io.cucumber.testng.FeatureWrapper)[pri:0, instance:testRunners.TestNGTestRunner@33065d67]" started-at="2023-11-22T22:01:46 IST" name="runScenario" description="Runs Cucumber Scenarios" data-provider="scenarios" finished-at="2023-11-22T22:02:07 IST" duration-ms="21429" status="PASS">
          <params>
            <param index="0">
              <value>
                <![CDATA["Create an order till dispatch"]]>
              </value>
            </param>
            <param index="1">
              <value>
                <![CDATA["Create order of different products"]]>
              </value>
            </param>
          </params>
          <reporter-output>
          </reporter-output>
        </test-method> <!-- runScenario -->
        <test-method is-config="true" signature="tearDownClass()[pri:0, instance:testRunners.TestNGTestRunner@33065d67]" started-at="2023-11-22T22:02:07 IST" name="tearDownClass" finished-at="2023-11-22T22:02:07 IST" duration-ms="2" status="PASS">
          <reporter-output>
          </reporter-output>
        </test-method> <!-- tearDownClass -->
      </class> <!-- testRunners.TestNGTestRunner -->
    </test> <!-- Default test -->
  </suite> <!-- Default suite -->
</testng-results>
